# JRE version: OpenJDK Runtime Environment (8.0_345-b01) (build 1.8.0_345-b01)
# Java VM: OpenJDK 64-Bit Server VM (25.345-b01 mixed mode windows-amd64 compressed oops)
Heap:
 PSYoungGen      total 436736K, used 70892K [0x00000000e0000000, 0x0000000100000000, 0x0000000100000000)
  eden space 388096K, 5% used [0x00000000e0000000,0x00000000e15bf2e8,0x00000000f7b00000)
  from space 48640K, 99% used [0x00000000fd080000,0x00000000ffffc060,0x0000000100000000)
  to   space 68096K, 0% used [0x00000000f7b00000,0x00000000f7b00000,0x00000000fbd80000)
 ParOldGen       total 203264K, used 113657K [0x00000000a0000000, 0x00000000ac680000, 0x00000000e0000000)
  object space 203264K, 55% used [0x00000000a0000000,0x00000000a6efe7e8,0x00000000ac680000)
 Metaspace       used 83716K, capacity 92360K, committed 92672K, reserved 1128448K
  class space    used 11551K, capacity 13202K, committed 13312K, reserved 1048576K
GC Heap History (30 events):
Event: 1.210 GC heap before
{Heap before GC invocations=1 (full 0):
 PSYoungGen      total 75776K, used 65024K [0x00000000e0000000, 0x00000000e5480000, 0x0000000100000000)
  eden space 65024K, 100% used [0x00000000e0000000,0x00000000e3f80000,0x00000000e3f80000)
  from space 10752K, 0% used [0x00000000e4a00000,0x00000000e4a00000,0x00000000e5480000)
  to   space 10752K, 0% used [0x00000000e3f80000,0x00000000e3f80000,0x00000000e4a00000)
 ParOldGen       total 173568K, used 0K [0x00000000a0000000, 0x00000000aa980000, 0x00000000e0000000)
  object space 173568K, 0% used [0x00000000a0000000,0x00000000a0000000,0x00000000aa980000)
 Metaspace       used 8246K, capacity 8478K, committed 8832K, reserved 1056768K
  class space    used 954K, capacity 1037K, committed 1152K, reserved 1048576K
Event: 1.218 GC heap after
Heap after GC invocations=1 (full 0):
 PSYoungGen      total 75776K, used 5964K [0x00000000e0000000, 0x00000000e5480000, 0x0000000100000000)
  eden space 65024K, 0% used [0x00000000e0000000,0x00000000e0000000,0x00000000e3f80000)
  from space 10752K, 55% used [0x00000000e3f80000,0x00000000e4553178,0x00000000e4a00000)
  to   space 10752K, 0% used [0x00000000e4a00000,0x00000000e4a00000,0x00000000e5480000)
 ParOldGen       total 173568K, used 16K [0x00000000a0000000, 0x00000000aa980000, 0x00000000e0000000)
  object space 173568K, 0% used [0x00000000a0000000,0x00000000a0004000,0x00000000aa980000)
 Metaspace       used 8246K, capacity 8478K, committed 8832K, reserved 1056768K
  class space    used 954K, capacity 1037K, committed 1152K, reserved 1048576K
}
Event: 2.655 GC heap before
{Heap before GC invocations=2 (full 0):
 PSYoungGen      total 75776K, used 70988K [0x00000000e0000000, 0x00000000e5480000, 0x0000000100000000)
  eden space 65024K, 100% used [0x00000000e0000000,0x00000000e3f80000,0x00000000e3f80000)
  from space 10752K, 55% used [0x00000000e3f80000,0x00000000e4553178,0x00000000e4a00000)
  to   space 10752K, 0% used [0x00000000e4a00000,0x00000000e4a00000,0x00000000e5480000)
 ParOldGen       total 173568K, used 16K [0x00000000a0000000, 0x00000000aa980000, 0x00000000e0000000)
  object space 173568K, 0% used [0x00000000a0000000,0x00000000a0004000,0x00000000aa980000)
 Metaspace       used 14425K, capacity 14784K, committed 15104K, reserved 1062912K
  class space    used 1921K, capacity 2026K, committed 2048K, reserved 1048576K
Event: 2.665 GC heap after
Heap after GC invocations=2 (full 0):
 PSYoungGen      total 75776K, used 8890K [0x00000000e0000000, 0x00000000e5480000, 0x0000000100000000)
  eden space 65024K, 0% used [0x00000000e0000000,0x00000000e0000000,0x00000000e3f80000)
  from space 10752K, 82% used [0x00000000e4a00000,0x00000000e52aeab0,0x00000000e5480000)
  to   space 10752K, 0% used [0x00000000e3f80000,0x00000000e3f80000,0x00000000e4a00000)
 ParOldGen       total 173568K, used 24K [0x00000000a0000000, 0x00000000aa980000, 0x00000000e0000000)
  object space 173568K, 0% used [0x00000000a0000000,0x00000000a0006000,0x00000000aa980000)
 Metaspace       used 14425K, capacity 14784K, committed 15104K, reserved 1062912K
  class space    used 1921K, capacity 2026K, committed 2048K, reserved 1048576K
}
Event: 3.540 GC heap before
{Heap before GC invocations=3 (full 0):
 PSYoungGen      total 75776K, used 73914K [0x00000000e0000000, 0x00000000e5480000, 0x0000000100000000)
  eden space 65024K, 100% used [0x00000000e0000000,0x00000000e3f80000,0x00000000e3f80000)
  from space 10752K, 82% used [0x00000000e4a00000,0x00000000e52aeab0,0x00000000e5480000)
  to   space 10752K, 0% used [0x00000000e3f80000,0x00000000e3f80000,0x00000000e4a00000)
 ParOldGen       total 173568K, used 24K [0x00000000a0000000, 0x00000000aa980000, 0x00000000e0000000)
  object space 173568K, 0% used [0x00000000a0000000,0x00000000a0006000,0x00000000aa980000)
 Metaspace       used 19537K, capacity 20138K, committed 20352K, reserved 1067008K
  class space    used 2709K, capacity 2899K, committed 2944K, reserved 1048576K
Event: 3.556 GC heap after
Heap after GC invocations=3 (full 0):
 PSYoungGen      total 75776K, used 10744K [0x00000000e0000000, 0x00000000e9400000, 0x0000000100000000)
  eden space 65024K, 0% used [0x00000000e0000000,0x00000000e0000000,0x00000000e3f80000)
  from space 10752K, 99% used [0x00000000e3f80000,0x00000000e49fe058,0x00000000e4a00000)
  to   space 10752K, 0% used [0x00000000e8980000,0x00000000e8980000,0x00000000e9400000)
 ParOldGen       total 173568K, used 463K [0x00000000a0000000, 0x00000000aa980000, 0x00000000e0000000)
  object space 173568K, 0% used [0x00000000a0000000,0x00000000a0073f48,0x00000000aa980000)
 Metaspace       used 19537K, capacity 20138K, committed 20352K, reserved 1067008K
  class space    used 2709K, capacity 2899K, committed 2944K, reserved 1048576K
}
Event: 3.774 GC heap before
{Heap before GC invocations=4 (full 0):
 PSYoungGen      total 75776K, used 25775K [0x00000000e0000000, 0x00000000e9400000, 0x0000000100000000)
  eden space 65024K, 23% used [0x00000000e0000000,0x00000000e0eadd20,0x00000000e3f80000)
  from space 10752K, 99% used [0x00000000e3f80000,0x00000000e49fe058,0x00000000e4a00000)
  to   space 10752K, 0% used [0x00000000e8980000,0x00000000e8980000,0x00000000e9400000)
 ParOldGen       total 173568K, used 463K [0x00000000a0000000, 0x00000000aa980000, 0x00000000e0000000)
  object space 173568K, 0% used [0x00000000a0000000,0x00000000a0073f48,0x00000000aa980000)
 Metaspace       used 20625K, capacity 21248K, committed 21248K, reserved 1067008K
  class space    used 2890K, capacity 3072K, committed 3072K, reserved 1048576K
Event: 3.786 GC heap after
Heap after GC invocations=4 (full 0):
 PSYoungGen      total 140800K, used 7925K [0x00000000e0000000, 0x00000000e9400000, 0x0000000100000000)
  eden space 130048K, 0% used [0x00000000e0000000,0x00000000e0000000,0x00000000e7f00000)
  from space 10752K, 73% used [0x00000000e8980000,0x00000000e913d5b0,0x00000000e9400000)
  to   space 10752K, 0% used [0x00000000e7f00000,0x00000000e7f00000,0x00000000e8980000)
 ParOldGen       total 173568K, used 471K [0x00000000a0000000, 0x00000000aa980000, 0x00000000e0000000)
  object space 173568K, 0% used [0x00000000a0000000,0x00000000a0075f48,0x00000000aa980000)
 Metaspace       used 20625K, capacity 21248K, committed 21248K, reserved 1067008K
  class space    used 2890K, capacity 3072K, committed 3072K, reserved 1048576K
}
Event: 3.786 GC heap before
{Heap before GC invocations=5 (full 1):
 PSYoungGen      total 140800K, used 7925K [0x00000000e0000000, 0x00000000e9400000, 0x0000000100000000)
  eden space 130048K, 0% used [0x00000000e0000000,0x00000000e0000000,0x00000000e7f00000)
  from space 10752K, 73% used [0x00000000e8980000,0x00000000e913d5b0,0x00000000e9400000)
  to   space 10752K, 0% used [0x00000000e7f00000,0x00000000e7f00000,0x00000000e8980000)
 ParOldGen       total 173568K, used 471K [0x00000000a0000000, 0x00000000aa980000, 0x00000000e0000000)
  object space 173568K, 0% used [0x00000000a0000000,0x00000000a0075f48,0x00000000aa980000)
 Metaspace       used 20625K, capacity 21248K, committed 21248K, reserved 1067008K
  class space    used 2890K, capacity 3072K, committed 3072K, reserved 1048576K
Event: 3.827 GC heap after
Heap after GC invocations=5 (full 1):
 PSYoungGen      total 140800K, used 0K [0x00000000e0000000, 0x00000000e9400000, 0x0000000100000000)
  eden space 130048K, 0% used [0x00000000e0000000,0x00000000e0000000,0x00000000e7f00000)
  from space 10752K, 0% used [0x00000000e8980000,0x00000000e8980000,0x00000000e9400000)
  to   space 10752K, 0% used [0x00000000e7f00000,0x00000000e7f00000,0x00000000e8980000)
 ParOldGen       total 95232K, used 7669K [0x00000000a0000000, 0x00000000a5d00000, 0x00000000e0000000)
  object space 95232K, 8% used [0x00000000a0000000,0x00000000a077d658,0x00000000a5d00000)
 Metaspace       used 20625K, capacity 21248K, committed 21248K, reserved 1067008K
  class space    used 2890K, capacity 3072K, committed 3072K, reserved 1048576K
}
Event: 5.888 GC heap before
{Heap before GC invocations=6 (full 1):
 PSYoungGen      total 140800K, used 130048K [0x00000000e0000000, 0x00000000e9400000, 0x0000000100000000)
  eden space 130048K, 100% used [0x00000000e0000000,0x00000000e7f00000,0x00000000e7f00000)
  from space 10752K, 0% used [0x00000000e8980000,0x00000000e8980000,0x00000000e9400000)
  to   space 10752K, 0% used [0x00000000e7f00000,0x00000000e7f00000,0x00000000e8980000)
 ParOldGen       total 95232K, used 7669K [0x00000000a0000000, 0x00000000a5d00000, 0x00000000e0000000)
  object space 95232K, 8% used [0x00000000a0000000,0x00000000a077d658,0x00000000a5d00000)
 Metaspace       used 32866K, capacity 33892K, committed 34048K, reserved 1079296K
  class space    used 4480K, capacity 4749K, committed 4864K, reserved 1048576K
Event: 5.904 GC heap after
Heap after GC invocations=6 (full 1):
 PSYoungGen      total 140800K, used 10749K [0x00000000e0000000, 0x00000000eed00000, 0x0000000100000000)
  eden space 130048K, 0% used [0x00000000e0000000,0x00000000e0000000,0x00000000e7f00000)
  from space 10752K, 99% used [0x00000000e7f00000,0x00000000e897f4d0,0x00000000e8980000)
  to   space 15872K, 0% used [0x00000000edd80000,0x00000000edd80000,0x00000000eed00000)
 ParOldGen       total 95232K, used 11672K [0x00000000a0000000, 0x00000000a5d00000, 0x00000000e0000000)
  object space 95232K, 12% used [0x00000000a0000000,0x00000000a0b66370,0x00000000a5d00000)
 Metaspace       used 32866K, capacity 33892K, committed 34048K, reserved 1079296K
  class space    used 4480K, capacity 4749K, committed 4864K, reserved 1048576K
}
Event: 6.052 GC heap before
{Heap before GC invocations=7 (full 1):
 PSYoungGen      total 140800K, used 28254K [0x00000000e0000000, 0x00000000eed00000, 0x0000000100000000)
  eden space 130048K, 13% used [0x00000000e0000000,0x00000000e1118670,0x00000000e7f00000)
  from space 10752K, 99% used [0x00000000e7f00000,0x00000000e897f4d0,0x00000000e8980000)
  to   space 15872K, 0% used [0x00000000edd80000,0x00000000edd80000,0x00000000eed00000)
 ParOldGen       total 95232K, used 11672K [0x00000000a0000000, 0x00000000a5d00000, 0x00000000e0000000)
  object space 95232K, 12% used [0x00000000a0000000,0x00000000a0b66370,0x00000000a5d00000)
 Metaspace       used 34419K, capacity 35362K, committed 35416K, reserved 1079296K
  class space    used 4636K, capacity 4850K, committed 4864K, reserved 1048576K
Event: 6.058 GC heap after
Heap after GC invocations=7 (full 1):
 PSYoungGen      total 227840K, used 8953K [0x00000000e0000000, 0x00000000ef300000, 0x0000000100000000)
  eden space 211968K, 0% used [0x00000000e0000000,0x00000000e0000000,0x00000000ecf00000)
  from space 15872K, 56% used [0x00000000edd80000,0x00000000ee63e6a0,0x00000000eed00000)
  to   space 14848K, 0% used [0x00000000ecf00000,0x00000000ecf00000,0x00000000edd80000)
 ParOldGen       total 95232K, used 11680K [0x00000000a0000000, 0x00000000a5d00000, 0x00000000e0000000)
  object space 95232K, 12% used [0x00000000a0000000,0x00000000a0b68370,0x00000000a5d00000)
 Metaspace       used 34419K, capacity 35362K, committed 35416K, reserved 1079296K
  class space    used 4636K, capacity 4850K, committed 4864K, reserved 1048576K
}
Event: 6.058 GC heap before
{Heap before GC invocations=8 (full 2):
 PSYoungGen      total 227840K, used 8953K [0x00000000e0000000, 0x00000000ef300000, 0x0000000100000000)
  eden space 211968K, 0% used [0x00000000e0000000,0x00000000e0000000,0x00000000ecf00000)
  from space 15872K, 56% used [0x00000000edd80000,0x00000000ee63e6a0,0x00000000eed00000)
  to   space 14848K, 0% used [0x00000000ecf00000,0x00000000ecf00000,0x00000000edd80000)
 ParOldGen       total 95232K, used 11680K [0x00000000a0000000, 0x00000000a5d00000, 0x00000000e0000000)
  object space 95232K, 12% used [0x00000000a0000000,0x00000000a0b68370,0x00000000a5d00000)
 Metaspace       used 34419K, capacity 35362K, committed 35416K, reserved 1079296K
  class space    used 4636K, capacity 4850K, committed 4864K, reserved 1048576K
Event: 6.107 GC heap after
Heap after GC invocations=8 (full 2):
 PSYoungGen      total 227840K, used 0K [0x00000000e0000000, 0x00000000ef300000, 0x0000000100000000)
  eden space 211968K, 0% used [0x00000000e0000000,0x00000000e0000000,0x00000000ecf00000)
  from space 15872K, 0% used [0x00000000edd80000,0x00000000edd80000,0x00000000eed00000)
  to   space 14848K, 0% used [0x00000000ecf00000,0x00000000ecf00000,0x00000000edd80000)
 ParOldGen       total 141824K, used 15218K [0x00000000a0000000, 0x00000000a8a80000, 0x00000000e0000000)
  object space 141824K, 10% used [0x00000000a0000000,0x00000000a0edca88,0x00000000a8a80000)
 Metaspace       used 34419K, capacity 35362K, committed 35416K, reserved 1079296K
  class space    used 4636K, capacity 4850K, committed 4864K, reserved 1048576K
}
Event: 11.933 GC heap before
{Heap before GC invocations=9 (full 2):
 PSYoungGen      total 227840K, used 211968K [0x00000000e0000000, 0x00000000ef300000, 0x0000000100000000)
  eden space 211968K, 100% used [0x00000000e0000000,0x00000000ecf00000,0x00000000ecf00000)
  from space 15872K, 0% used [0x00000000edd80000,0x00000000edd80000,0x00000000eed00000)
  to   space 14848K, 0% used [0x00000000ecf00000,0x00000000ecf00000,0x00000000edd80000)
 ParOldGen       total 141824K, used 15218K [0x00000000a0000000, 0x00000000a8a80000, 0x00000000e0000000)
  object space 141824K, 10% used [0x00000000a0000000,0x00000000a0edca88,0x00000000a8a80000)
 Metaspace       used 41476K, capacity 43484K, committed 43776K, reserved 1087488K
  class space    used 5639K, capacity 6064K, committed 6144K, reserved 1048576K
Event: 11.942 GC heap after
Heap after GC invocations=9 (full 2):
 PSYoungGen      total 226816K, used 12278K [0x00000000e0000000, 0x00000000f5880000, 0x0000000100000000)
  eden space 211968K, 0% used [0x00000000e0000000,0x00000000e0000000,0x00000000ecf00000)
  from space 14848K, 82% used [0x00000000ecf00000,0x00000000edafdac0,0x00000000edd80000)
  to   space 15360K, 0% used [0x00000000f4980000,0x00000000f4980000,0x00000000f5880000)
 ParOldGen       total 141824K, used 15226K [0x00000000a0000000, 0x00000000a8a80000, 0x00000000e0000000)
  object space 141824K, 10% used [0x00000000a0000000,0x00000000a0edea88,0x00000000a8a80000)
 Metaspace       used 41476K, capacity 43484K, committed 43776K, reserved 1087488K
  class space    used 5639K, capacity 6064K, committed 6144K, reserved 1048576K
}
Event: 14.717 GC heap before
{Heap before GC invocations=10 (full 2):
 PSYoungGen      total 226816K, used 224246K [0x00000000e0000000, 0x00000000f5880000, 0x0000000100000000)
  eden space 211968K, 100% used [0x00000000e0000000,0x00000000ecf00000,0x00000000ecf00000)
  from space 14848K, 82% used [0x00000000ecf00000,0x00000000edafdac0,0x00000000edd80000)
  to   space 15360K, 0% used [0x00000000f4980000,0x00000000f4980000,0x00000000f5880000)
 ParOldGen       total 141824K, used 15226K [0x00000000a0000000, 0x00000000a8a80000, 0x00000000e0000000)
  object space 141824K, 10% used [0x00000000a0000000,0x00000000a0edea88,0x00000000a8a80000)
 Metaspace       used 56021K, capacity 58474K, committed 58752K, reserved 1099776K
  class space    used 7461K, capacity 7941K, committed 8064K, reserved 1048576K
Event: 14.741 GC heap after
Heap after GC invocations=10 (full 2):
 PSYoungGen      total 330240K, used 15330K [0x00000000e0000000, 0x00000000f5f80000, 0x0000000100000000)
  eden space 314880K, 0% used [0x00000000e0000000,0x00000000e0000000,0x00000000f3380000)
  from space 15360K, 99% used [0x00000000f4980000,0x00000000f5878970,0x00000000f5880000)
  to   space 22528K, 0% used [0x00000000f3380000,0x00000000f3380000,0x00000000f4980000)
 ParOldGen       total 141824K, used 27369K [0x00000000a0000000, 0x00000000a8a80000, 0x00000000e0000000)
  object space 141824K, 19% used [0x00000000a0000000,0x00000000a1aba710,0x00000000a8a80000)
 Metaspace       used 56021K, capacity 58474K, committed 58752K, reserved 1099776K
  class space    used 7461K, capacity 7941K, committed 8064K, reserved 1048576K
}
Event: 15.292 GC heap before
{Heap before GC invocations=11 (full 2):
 PSYoungGen      total 330240K, used 81679K [0x00000000e0000000, 0x00000000f5f80000, 0x0000000100000000)
  eden space 314880K, 21% used [0x00000000e0000000,0x00000000e40cb468,0x00000000f3380000)
  from space 15360K, 99% used [0x00000000f4980000,0x00000000f5878970,0x00000000f5880000)
  to   space 22528K, 0% used [0x00000000f3380000,0x00000000f3380000,0x00000000f4980000)
 ParOldGen       total 141824K, used 27369K [0x00000000a0000000, 0x00000000a8a80000, 0x00000000e0000000)
  object space 141824K, 19% used [0x00000000a0000000,0x00000000a1aba710,0x00000000a8a80000)
 Metaspace       used 56492K, capacity 58996K, committed 59008K, reserved 1099776K
  class space    used 7530K, capacity 8060K, committed 8064K, reserved 1048576K
Event: 15.304 GC heap after
Heap after GC invocations=11 (full 2):
 PSYoungGen      total 337408K, used 17770K [0x00000000e0000000, 0x00000000fbf00000, 0x0000000100000000)
  eden space 314880K, 0% used [0x00000000e0000000,0x00000000e0000000,0x00000000f3380000)
  from space 22528K, 78% used [0x00000000f3380000,0x00000000f44dab20,0x00000000f4980000)
  to   space 23552K, 0% used [0x00000000fa800000,0x00000000fa800000,0x00000000fbf00000)
 ParOldGen       total 141824K, used 27377K [0x00000000a0000000, 0x00000000a8a80000, 0x00000000e0000000)
  object space 141824K, 19% used [0x00000000a0000000,0x00000000a1abc710,0x00000000a8a80000)
 Metaspace       used 56492K, capacity 58996K, committed 59008K, reserved 1099776K
  class space    used 7530K, capacity 8060K, committed 8064K, reserved 1048576K
}
Event: 15.304 GC heap before
{Heap before GC invocations=12 (full 3):
 PSYoungGen      total 337408K, used 17770K [0x00000000e0000000, 0x00000000fbf00000, 0x0000000100000000)
  eden space 314880K, 0% used [0x00000000e0000000,0x00000000e0000000,0x00000000f3380000)
  from space 22528K, 78% used [0x00000000f3380000,0x00000000f44dab20,0x00000000f4980000)
  to   space 23552K, 0% used [0x00000000fa800000,0x00000000fa800000,0x00000000fbf00000)
 ParOldGen       total 141824K, used 27377K [0x00000000a0000000, 0x00000000a8a80000, 0x00000000e0000000)
  object space 141824K, 19% used [0x00000000a0000000,0x00000000a1abc710,0x00000000a8a80000)
 Metaspace       used 56492K, capacity 58996K, committed 59008K, reserved 1099776K
  class space    used 7530K, capacity 8060K, committed 8064K, reserved 1048576K
Event: 15.498 GC heap after
Heap after GC invocations=12 (full 3):
 PSYoungGen      total 337408K, used 0K [0x00000000e0000000, 0x00000000fbf00000, 0x0000000100000000)
  eden space 314880K, 0% used [0x00000000e0000000,0x00000000e0000000,0x00000000f3380000)
  from space 22528K, 0% used [0x00000000f3380000,0x00000000f3380000,0x00000000f4980000)
  to   space 23552K, 0% used [0x00000000fa800000,0x00000000fa800000,0x00000000fbf00000)
 ParOldGen       total 203264K, used 33427K [0x00000000a0000000, 0x00000000ac680000, 0x00000000e0000000)
  object space 203264K, 16% used [0x00000000a0000000,0x00000000a20a4f80,0x00000000ac680000)
 Metaspace       used 56422K, capacity 58762K, committed 59008K, reserved 1099776K
  class space    used 7508K, capacity 8021K, committed 8064K, reserved 1048576K
}
Event: 21.621 GC heap before
{Heap before GC invocations=13 (full 3):
 PSYoungGen      total 337408K, used 314880K [0x00000000e0000000, 0x00000000fbf00000, 0x0000000100000000)
  eden space 314880K, 100% used [0x00000000e0000000,0x00000000f3380000,0x00000000f3380000)
  from space 22528K, 0% used [0x00000000f3380000,0x00000000f3380000,0x00000000f4980000)
  to   space 23552K, 0% used [0x00000000fa800000,0x00000000fa800000,0x00000000fbf00000)
 ParOldGen       total 203264K, used 33427K [0x00000000a0000000, 0x00000000ac680000, 0x00000000e0000000)
  object space 203264K, 16% used [0x00000000a0000000,0x00000000a20a4f80,0x00000000ac680000)
 Metaspace       used 65677K, capacity 69252K, committed 69376K, reserved 1110016K
  class space    used 8981K, capacity 9721K, committed 9728K, reserved 1048576K
Event: 21.645 GC heap after
Heap after GC invocations=13 (full 3):
 PSYoungGen      total 419840K, used 23542K [0x00000000e0000000, 0x00000000fbf00000, 0x0000000100000000)
  eden space 396288K, 0% used [0x00000000e0000000,0x00000000e0000000,0x00000000f8300000)
  from space 23552K, 99% used [0x00000000fa800000,0x00000000fbefd8d0,0x00000000fbf00000)
  to   space 28672K, 0% used [0x00000000f8700000,0x00000000f8700000,0x00000000fa300000)
 ParOldGen       total 203264K, used 39124K [0x00000000a0000000, 0x00000000ac680000, 0x00000000e0000000)
  object space 203264K, 19% used [0x00000000a0000000,0x00000000a26351a0,0x00000000ac680000)
 Metaspace       used 65677K, capacity 69252K, committed 69376K, reserved 1110016K
  class space    used 8981K, capacity 9721K, committed 9728K, reserved 1048576K
}
Event: 42.853 GC heap before
{Heap before GC invocations=14 (full 3):
 PSYoungGen      total 419840K, used 419830K [0x00000000e0000000, 0x00000000fbf00000, 0x0000000100000000)
  eden space 396288K, 100% used [0x00000000e0000000,0x00000000f8300000,0x00000000f8300000)
  from space 23552K, 99% used [0x00000000fa800000,0x00000000fbefd8d0,0x00000000fbf00000)
  to   space 28672K, 0% used [0x00000000f8700000,0x00000000f8700000,0x00000000fa300000)
 ParOldGen       total 203264K, used 39124K [0x00000000a0000000, 0x00000000ac680000, 0x00000000e0000000)
  object space 203264K, 19% used [0x00000000a0000000,0x00000000a26351a0,0x00000000ac680000)
 Metaspace       used 69818K, capacity 77150K, committed 77440K, reserved 1116160K
  class space    used 9655K, capacity 11077K, committed 11136K, reserved 1048576K
Event: 42.895 GC heap after
Heap after GC invocations=14 (full 3):
 PSYoungGen      total 429056K, used 28672K [0x00000000e0000000, 0x0000000100000000, 0x0000000100000000)
  eden space 400384K, 0% used [0x00000000e0000000,0x00000000e0000000,0x00000000f8700000)
  from space 28672K, 100% used [0x00000000f8700000,0x00000000fa300000,0x00000000fa300000)
  to   space 48640K, 0% used [0x00000000fd080000,0x00000000fd080000,0x0000000100000000)
 ParOldGen       total 203264K, used 82805K [0x00000000a0000000, 0x00000000ac680000, 0x00000000e0000000)
  object space 203264K, 40% used [0x00000000a0000000,0x00000000a50dd5c0,0x00000000ac680000)
 Metaspace       used 69818K, capacity 77150K, committed 77440K, reserved 1116160K
  class space    used 9655K, capacity 11077K, committed 11136K, reserved 1048576K
}
Event: 55.880 GC heap before
{Heap before GC invocations=15 (full 3):
 PSYoungGen      total 429056K, used 429056K [0x00000000e0000000, 0x0000000100000000, 0x0000000100000000)
  eden space 400384K, 100% used [0x00000000e0000000,0x00000000f8700000,0x00000000f8700000)
  from space 28672K, 100% used [0x00000000f8700000,0x00000000fa300000,0x00000000fa300000)
  to   space 48640K, 0% used [0x00000000fd080000,0x00000000fd080000,0x0000000100000000)
 ParOldGen       total 203264K, used 82805K [0x00000000a0000000, 0x00000000ac680000, 0x00000000e0000000)
  object space 203264K, 40% used [0x00000000a0000000,0x00000000a50dd5c0,0x00000000ac680000)
 Metaspace       used 83576K, capacity 92220K, committed 92416K, reserved 1128448K
  class space    used 11550K, capacity 13200K, committed 13312K, reserved 1048576K
Event: 55.942 GC heap after
Heap after GC invocations=15 (full 3):
 PSYoungGen      total 436736K, used 48624K [0x00000000e0000000, 0x0000000100000000, 0x0000000100000000)
  eden space 388096K, 0% used [0x00000000e0000000,0x00000000e0000000,0x00000000f7b00000)
  from space 48640K, 99% used [0x00000000fd080000,0x00000000ffffc060,0x0000000100000000)
  to   space 68096K, 0% used [0x00000000f7b00000,0x00000000f7b00000,0x00000000fbd80000)
 ParOldGen       total 203264K, used 113657K [0x00000000a0000000, 0x00000000ac680000, 0x00000000e0000000)
  object space 203264K, 55% used [0x00000000a0000000,0x00000000a6efe7e8,0x00000000ac680000)
 Metaspace       used 83576K, capacity 92220K, committed 92416K, reserved 1128448K
  class space    used 11550K, capacity 13200K, committed 13312K, reserved 1048576K
}

