# JRE version: OpenJDK Runtime Environment (8.0_345-b01) (build 1.8.0_345-b01)
# Java VM: OpenJDK 64-Bit Server VM (25.345-b01 mixed mode windows-amd64 compressed oops)
Heap:
 PSYoungGen      total 195072K, used 165361K [0x00000000e0000000, 0x00000000f1780000, 0x0000000100000000)
  eden space 175104K, 94% used [0x00000000e0000000,0x00000000ea17c538,0x00000000eab00000)
  from space 19968K, 0% used [0x00000000eab00000,0x00000000eab00000,0x00000000ebe80000)
  to   space 21504K, 0% used [0x00000000f0280000,0x00000000f0280000,0x00000000f1780000)
 ParOldGen       total 219136K, used 32653K [0x00000000a0000000, 0x00000000ad600000, 0x00000000e0000000)
  object space 219136K, 14% used [0x00000000a0000000,0x00000000a1fe36b0,0x00000000ad600000)
 Metaspace       used 63541K, capacity 66518K, committed 66708K, reserved 1105920K
  class space    used 8670K, capacity 9277K, committed 9404K, reserved 1048576K
GC Heap History (28 events):
Event: 0.970 GC heap before
{Heap before GC invocations=1 (full 0):
 PSYoungGen      total 75776K, used 65024K [0x00000000e0000000, 0x00000000e5480000, 0x0000000100000000)
  eden space 65024K, 100% used [0x00000000e0000000,0x00000000e3f80000,0x00000000e3f80000)
  from space 10752K, 0% used [0x00000000e4a00000,0x00000000e4a00000,0x00000000e5480000)
  to   space 10752K, 0% used [0x00000000e3f80000,0x00000000e3f80000,0x00000000e4a00000)
 ParOldGen       total 173568K, used 0K [0x00000000a0000000, 0x00000000aa980000, 0x00000000e0000000)
  object space 173568K, 0% used [0x00000000a0000000,0x00000000a0000000,0x00000000aa980000)
 Metaspace       used 8256K, capacity 8478K, committed 8832K, reserved 1056768K
  class space    used 954K, capacity 1037K, committed 1152K, reserved 1048576K
Event: 0.976 GC heap after
Heap after GC invocations=1 (full 0):
 PSYoungGen      total 75776K, used 6004K [0x00000000e0000000, 0x00000000e5480000, 0x0000000100000000)
  eden space 65024K, 0% used [0x00000000e0000000,0x00000000e0000000,0x00000000e3f80000)
  from space 10752K, 55% used [0x00000000e3f80000,0x00000000e455d2b8,0x00000000e4a00000)
  to   space 10752K, 0% used [0x00000000e4a00000,0x00000000e4a00000,0x00000000e5480000)
 ParOldGen       total 173568K, used 16K [0x00000000a0000000, 0x00000000aa980000, 0x00000000e0000000)
  object space 173568K, 0% used [0x00000000a0000000,0x00000000a0004000,0x00000000aa980000)
 Metaspace       used 8256K, capacity 8478K, committed 8832K, reserved 1056768K
  class space    used 954K, capacity 1037K, committed 1152K, reserved 1048576K
}
Event: 2.222 GC heap before
{Heap before GC invocations=2 (full 0):
 PSYoungGen      total 75776K, used 71028K [0x00000000e0000000, 0x00000000e5480000, 0x0000000100000000)
  eden space 65024K, 100% used [0x00000000e0000000,0x00000000e3f80000,0x00000000e3f80000)
  from space 10752K, 55% used [0x00000000e3f80000,0x00000000e455d2b8,0x00000000e4a00000)
  to   space 10752K, 0% used [0x00000000e4a00000,0x00000000e4a00000,0x00000000e5480000)
 ParOldGen       total 173568K, used 16K [0x00000000a0000000, 0x00000000aa980000, 0x00000000e0000000)
  object space 173568K, 0% used [0x00000000a0000000,0x00000000a0004000,0x00000000aa980000)
 Metaspace       used 14426K, capacity 14784K, committed 15104K, reserved 1062912K
  class space    used 1922K, capacity 2026K, committed 2048K, reserved 1048576K
Event: 2.228 GC heap after
Heap after GC invocations=2 (full 0):
 PSYoungGen      total 75776K, used 8924K [0x00000000e0000000, 0x00000000e5480000, 0x0000000100000000)
  eden space 65024K, 0% used [0x00000000e0000000,0x00000000e0000000,0x00000000e3f80000)
  from space 10752K, 83% used [0x00000000e4a00000,0x00000000e52b7308,0x00000000e5480000)
  to   space 10752K, 0% used [0x00000000e3f80000,0x00000000e3f80000,0x00000000e4a00000)
 ParOldGen       total 173568K, used 24K [0x00000000a0000000, 0x00000000aa980000, 0x00000000e0000000)
  object space 173568K, 0% used [0x00000000a0000000,0x00000000a0006000,0x00000000aa980000)
 Metaspace       used 14426K, capacity 14784K, committed 15104K, reserved 1062912K
  class space    used 1922K, capacity 2026K, committed 2048K, reserved 1048576K
}
Event: 2.909 GC heap before
{Heap before GC invocations=3 (full 0):
 PSYoungGen      total 75776K, used 73948K [0x00000000e0000000, 0x00000000e5480000, 0x0000000100000000)
  eden space 65024K, 100% used [0x00000000e0000000,0x00000000e3f80000,0x00000000e3f80000)
  from space 10752K, 83% used [0x00000000e4a00000,0x00000000e52b7308,0x00000000e5480000)
  to   space 10752K, 0% used [0x00000000e3f80000,0x00000000e3f80000,0x00000000e4a00000)
 ParOldGen       total 173568K, used 24K [0x00000000a0000000, 0x00000000aa980000, 0x00000000e0000000)
  object space 173568K, 0% used [0x00000000a0000000,0x00000000a0006000,0x00000000aa980000)
 Metaspace       used 19551K, capacity 20202K, committed 20352K, reserved 1067008K
  class space    used 2711K, capacity 2899K, committed 2944K, reserved 1048576K
Event: 2.921 GC heap after
Heap after GC invocations=3 (full 0):
 PSYoungGen      total 75776K, used 10729K [0x00000000e0000000, 0x00000000e5480000, 0x0000000100000000)
  eden space 65024K, 0% used [0x00000000e0000000,0x00000000e0000000,0x00000000e3f80000)
  from space 10752K, 99% used [0x00000000e3f80000,0x00000000e49fa480,0x00000000e4a00000)
  to   space 10752K, 0% used [0x00000000e4a00000,0x00000000e4a00000,0x00000000e5480000)
 ParOldGen       total 173568K, used 464K [0x00000000a0000000, 0x00000000aa980000, 0x00000000e0000000)
  object space 173568K, 0% used [0x00000000a0000000,0x00000000a0074320,0x00000000aa980000)
 Metaspace       used 19551K, capacity 20202K, committed 20352K, reserved 1067008K
  class space    used 2711K, capacity 2899K, committed 2944K, reserved 1048576K
}
Event: 3.133 GC heap before
{Heap before GC invocations=4 (full 0):
 PSYoungGen      total 75776K, used 25808K [0x00000000e0000000, 0x00000000e5480000, 0x0000000100000000)
  eden space 65024K, 23% used [0x00000000e0000000,0x00000000e0eb9cf8,0x00000000e3f80000)
  from space 10752K, 99% used [0x00000000e3f80000,0x00000000e49fa480,0x00000000e4a00000)
  to   space 10752K, 0% used [0x00000000e4a00000,0x00000000e4a00000,0x00000000e5480000)
 ParOldGen       total 173568K, used 464K [0x00000000a0000000, 0x00000000aa980000, 0x00000000e0000000)
  object space 173568K, 0% used [0x00000000a0000000,0x00000000a0074320,0x00000000aa980000)
 Metaspace       used 20629K, capacity 21248K, committed 21248K, reserved 1067008K
  class space    used 2893K, capacity 3072K, committed 3072K, reserved 1048576K
Event: 3.141 GC heap after
Heap after GC invocations=4 (full 0):
 PSYoungGen      total 75776K, used 7942K [0x00000000e0000000, 0x00000000e9400000, 0x0000000100000000)
  eden space 65024K, 0% used [0x00000000e0000000,0x00000000e0000000,0x00000000e3f80000)
  from space 10752K, 73% used [0x00000000e4a00000,0x00000000e51c1810,0x00000000e5480000)
  to   space 10752K, 0% used [0x00000000e3f80000,0x00000000e3f80000,0x00000000e4a00000)
 ParOldGen       total 173568K, used 472K [0x00000000a0000000, 0x00000000aa980000, 0x00000000e0000000)
  object space 173568K, 0% used [0x00000000a0000000,0x00000000a0076320,0x00000000aa980000)
 Metaspace       used 20629K, capacity 21248K, committed 21248K, reserved 1067008K
  class space    used 2893K, capacity 3072K, committed 3072K, reserved 1048576K
}
Event: 3.142 GC heap before
{Heap before GC invocations=5 (full 1):
 PSYoungGen      total 75776K, used 7942K [0x00000000e0000000, 0x00000000e9400000, 0x0000000100000000)
  eden space 65024K, 0% used [0x00000000e0000000,0x00000000e0000000,0x00000000e3f80000)
  from space 10752K, 73% used [0x00000000e4a00000,0x00000000e51c1810,0x00000000e5480000)
  to   space 10752K, 0% used [0x00000000e3f80000,0x00000000e3f80000,0x00000000e4a00000)
 ParOldGen       total 173568K, used 472K [0x00000000a0000000, 0x00000000aa980000, 0x00000000e0000000)
  object space 173568K, 0% used [0x00000000a0000000,0x00000000a0076320,0x00000000aa980000)
 Metaspace       used 20629K, capacity 21248K, committed 21248K, reserved 1067008K
  class space    used 2893K, capacity 3072K, committed 3072K, reserved 1048576K
Event: 3.185 GC heap after
Heap after GC invocations=5 (full 1):
 PSYoungGen      total 75776K, used 0K [0x00000000e0000000, 0x00000000e9400000, 0x0000000100000000)
  eden space 65024K, 0% used [0x00000000e0000000,0x00000000e0000000,0x00000000e3f80000)
  from space 10752K, 0% used [0x00000000e4a00000,0x00000000e4a00000,0x00000000e5480000)
  to   space 10752K, 0% used [0x00000000e3f80000,0x00000000e3f80000,0x00000000e4a00000)
 ParOldGen       total 102912K, used 7663K [0x00000000a0000000, 0x00000000a6480000, 0x00000000e0000000)
  object space 102912K, 7% used [0x00000000a0000000,0x00000000a077bd48,0x00000000a6480000)
 Metaspace       used 20629K, capacity 21248K, committed 21248K, reserved 1067008K
  class space    used 2893K, capacity 3072K, committed 3072K, reserved 1048576K
}
Event: 3.927 GC heap before
{Heap before GC invocations=6 (full 1):
 PSYoungGen      total 75776K, used 65024K [0x00000000e0000000, 0x00000000e9400000, 0x0000000100000000)
  eden space 65024K, 100% used [0x00000000e0000000,0x00000000e3f80000,0x00000000e3f80000)
  from space 10752K, 0% used [0x00000000e4a00000,0x00000000e4a00000,0x00000000e5480000)
  to   space 10752K, 0% used [0x00000000e3f80000,0x00000000e3f80000,0x00000000e4a00000)
 ParOldGen       total 102912K, used 7663K [0x00000000a0000000, 0x00000000a6480000, 0x00000000e0000000)
  object space 102912K, 7% used [0x00000000a0000000,0x00000000a077bd48,0x00000000a6480000)
 Metaspace       used 25805K, capacity 26638K, committed 27008K, reserved 1073152K
  class space    used 3652K, capacity 3865K, committed 3968K, reserved 1048576K
Event: 3.935 GC heap after
Heap after GC invocations=6 (full 1):
 PSYoungGen      total 75776K, used 6475K [0x00000000e0000000, 0x00000000e7780000, 0x0000000100000000)
  eden space 65024K, 0% used [0x00000000e0000000,0x00000000e0000000,0x00000000e3f80000)
  from space 10752K, 60% used [0x00000000e3f80000,0x00000000e45d2d28,0x00000000e4a00000)
  to   space 11776K, 0% used [0x00000000e6c00000,0x00000000e6c00000,0x00000000e7780000)
 ParOldGen       total 102912K, used 7671K [0x00000000a0000000, 0x00000000a6480000, 0x00000000e0000000)
  object space 102912K, 7% used [0x00000000a0000000,0x00000000a077dd48,0x00000000a6480000)
 Metaspace       used 25805K, capacity 26638K, committed 27008K, reserved 1073152K
  class space    used 3652K, capacity 3865K, committed 3968K, reserved 1048576K
}
Event: 4.903 GC heap before
{Heap before GC invocations=7 (full 1):
 PSYoungGen      total 75776K, used 71499K [0x00000000e0000000, 0x00000000e7780000, 0x0000000100000000)
  eden space 65024K, 100% used [0x00000000e0000000,0x00000000e3f80000,0x00000000e3f80000)
  from space 10752K, 60% used [0x00000000e3f80000,0x00000000e45d2d28,0x00000000e4a00000)
  to   space 11776K, 0% used [0x00000000e6c00000,0x00000000e6c00000,0x00000000e7780000)
 ParOldGen       total 102912K, used 7671K [0x00000000a0000000, 0x00000000a6480000, 0x00000000e0000000)
  object space 102912K, 7% used [0x00000000a0000000,0x00000000a077dd48,0x00000000a6480000)
 Metaspace       used 32945K, capacity 33956K, committed 34304K, reserved 1079296K
  class space    used 4501K, capacity 4749K, committed 4864K, reserved 1048576K
Event: 4.914 GC heap after
Heap after GC invocations=7 (full 1):
 PSYoungGen      total 109568K, used 10554K [0x00000000e0000000, 0x00000000e7900000, 0x0000000100000000)
  eden space 97792K, 0% used [0x00000000e0000000,0x00000000e0000000,0x00000000e5f80000)
  from space 11776K, 89% used [0x00000000e6c00000,0x00000000e764eb38,0x00000000e7780000)
  to   space 12800K, 0% used [0x00000000e5f80000,0x00000000e5f80000,0x00000000e6c00000)
 ParOldGen       total 102912K, used 7679K [0x00000000a0000000, 0x00000000a6480000, 0x00000000e0000000)
  object space 102912K, 7% used [0x00000000a0000000,0x00000000a077fd48,0x00000000a6480000)
 Metaspace       used 32945K, capacity 33956K, committed 34304K, reserved 1079296K
  class space    used 4501K, capacity 4749K, committed 4864K, reserved 1048576K
}
Event: 5.069 GC heap before
{Heap before GC invocations=8 (full 1):
 PSYoungGen      total 109568K, used 25405K [0x00000000e0000000, 0x00000000e7900000, 0x0000000100000000)
  eden space 97792K, 15% used [0x00000000e0000000,0x00000000e0e80930,0x00000000e5f80000)
  from space 11776K, 89% used [0x00000000e6c00000,0x00000000e764eb38,0x00000000e7780000)
  to   space 12800K, 0% used [0x00000000e5f80000,0x00000000e5f80000,0x00000000e6c00000)
 ParOldGen       total 102912K, used 7679K [0x00000000a0000000, 0x00000000a6480000, 0x00000000e0000000)
  object space 102912K, 7% used [0x00000000a0000000,0x00000000a077fd48,0x00000000a6480000)
 Metaspace       used 34286K, capacity 35266K, committed 35416K, reserved 1079296K
  class space    used 4641K, capacity 4882K, committed 4992K, reserved 1048576K
Event: 5.076 GC heap after
Heap after GC invocations=8 (full 1):
 PSYoungGen      total 110592K, used 8624K [0x00000000e0000000, 0x00000000eb180000, 0x0000000100000000)
  eden space 97792K, 0% used [0x00000000e0000000,0x00000000e0000000,0x00000000e5f80000)
  from space 12800K, 67% used [0x00000000e5f80000,0x00000000e67ec330,0x00000000e6c00000)
  to   space 12288K, 0% used [0x00000000ea580000,0x00000000ea580000,0x00000000eb180000)
 ParOldGen       total 102912K, used 7687K [0x00000000a0000000, 0x00000000a6480000, 0x00000000e0000000)
  object space 102912K, 7% used [0x00000000a0000000,0x00000000a0781d48,0x00000000a6480000)
 Metaspace       used 34286K, capacity 35266K, committed 35416K, reserved 1079296K
  class space    used 4641K, capacity 4882K, committed 4992K, reserved 1048576K
}
Event: 5.076 GC heap before
{Heap before GC invocations=9 (full 2):
 PSYoungGen      total 110592K, used 8624K [0x00000000e0000000, 0x00000000eb180000, 0x0000000100000000)
  eden space 97792K, 0% used [0x00000000e0000000,0x00000000e0000000,0x00000000e5f80000)
  from space 12800K, 67% used [0x00000000e5f80000,0x00000000e67ec330,0x00000000e6c00000)
  to   space 12288K, 0% used [0x00000000ea580000,0x00000000ea580000,0x00000000eb180000)
 ParOldGen       total 102912K, used 7687K [0x00000000a0000000, 0x00000000a6480000, 0x00000000e0000000)
  object space 102912K, 7% used [0x00000000a0000000,0x00000000a0781d48,0x00000000a6480000)
 Metaspace       used 34286K, capacity 35266K, committed 35416K, reserved 1079296K
  class space    used 4641K, capacity 4882K, committed 4992K, reserved 1048576K
Event: 5.130 GC heap after
Heap after GC invocations=9 (full 2):
 PSYoungGen      total 110592K, used 0K [0x00000000e0000000, 0x00000000eb180000, 0x0000000100000000)
  eden space 97792K, 0% used [0x00000000e0000000,0x00000000e0000000,0x00000000e5f80000)
  from space 12800K, 0% used [0x00000000e5f80000,0x00000000e5f80000,0x00000000e6c00000)
  to   space 12288K, 0% used [0x00000000ea580000,0x00000000ea580000,0x00000000eb180000)
 ParOldGen       total 158208K, used 15033K [0x00000000a0000000, 0x00000000a9a80000, 0x00000000e0000000)
  object space 158208K, 9% used [0x00000000a0000000,0x00000000a0eae430,0x00000000a9a80000)
 Metaspace       used 34286K, capacity 35266K, committed 35416K, reserved 1079296K
  class space    used 4641K, capacity 4882K, committed 4992K, reserved 1048576K
}
Event: 6.003 GC heap before
{Heap before GC invocations=10 (full 2):
 PSYoungGen      total 110592K, used 97792K [0x00000000e0000000, 0x00000000eb180000, 0x0000000100000000)
  eden space 97792K, 100% used [0x00000000e0000000,0x00000000e5f80000,0x00000000e5f80000)
  from space 12800K, 0% used [0x00000000e5f80000,0x00000000e5f80000,0x00000000e6c00000)
  to   space 12288K, 0% used [0x00000000ea580000,0x00000000ea580000,0x00000000eb180000)
 ParOldGen       total 158208K, used 15033K [0x00000000a0000000, 0x00000000a9a80000, 0x00000000e0000000)
  object space 158208K, 9% used [0x00000000a0000000,0x00000000a0eae430,0x00000000a9a80000)
 Metaspace       used 38469K, capacity 39938K, committed 40152K, reserved 1083392K
  class space    used 5234K, capacity 5551K, committed 5632K, reserved 1048576K
Event: 6.009 GC heap after
Heap after GC invocations=10 (full 2):
 PSYoungGen      total 150016K, used 7422K [0x00000000e0000000, 0x00000000ead00000, 0x0000000100000000)
  eden space 142336K, 0% used [0x00000000e0000000,0x00000000e0000000,0x00000000e8b00000)
  from space 7680K, 96% used [0x00000000ea580000,0x00000000eacbf818,0x00000000ead00000)
  to   space 12288K, 0% used [0x00000000e9500000,0x00000000e9500000,0x00000000ea100000)
 ParOldGen       total 158208K, used 15041K [0x00000000a0000000, 0x00000000a9a80000, 0x00000000e0000000)
  object space 158208K, 9% used [0x00000000a0000000,0x00000000a0eb0430,0x00000000a9a80000)
 Metaspace       used 38469K, capacity 39938K, committed 40152K, reserved 1083392K
  class space    used 5234K, capacity 5551K, committed 5632K, reserved 1048576K
}
Event: 7.487 GC heap before
{Heap before GC invocations=11 (full 2):
 PSYoungGen      total 150016K, used 149758K [0x00000000e0000000, 0x00000000ead00000, 0x0000000100000000)
  eden space 142336K, 100% used [0x00000000e0000000,0x00000000e8b00000,0x00000000e8b00000)
  from space 7680K, 96% used [0x00000000ea580000,0x00000000eacbf818,0x00000000ead00000)
  to   space 12288K, 0% used [0x00000000e9500000,0x00000000e9500000,0x00000000ea100000)
 ParOldGen       total 158208K, used 15041K [0x00000000a0000000, 0x00000000a9a80000, 0x00000000e0000000)
  object space 158208K, 9% used [0x00000000a0000000,0x00000000a0eb0430,0x00000000a9a80000)
 Metaspace       used 48742K, capacity 50962K, committed 51032K, reserved 1093632K
  class space    used 6564K, capacity 7012K, committed 7040K, reserved 1048576K
Event: 7.505 GC heap after
Heap after GC invocations=11 (full 2):
 PSYoungGen      total 164864K, used 12276K [0x00000000e0000000, 0x00000000ecd80000, 0x0000000100000000)
  eden space 152576K, 0% used [0x00000000e0000000,0x00000000e0000000,0x00000000e9500000)
  from space 12288K, 99% used [0x00000000e9500000,0x00000000ea0fd130,0x00000000ea100000)
  to   space 15360K, 0% used [0x00000000ebe80000,0x00000000ebe80000,0x00000000ecd80000)
 ParOldGen       total 158208K, used 19811K [0x00000000a0000000, 0x00000000a9a80000, 0x00000000e0000000)
  object space 158208K, 12% used [0x00000000a0000000,0x00000000a1358fa8,0x00000000a9a80000)
 Metaspace       used 48742K, capacity 50962K, committed 51032K, reserved 1093632K
  class space    used 6564K, capacity 7012K, committed 7040K, reserved 1048576K
}
Event: 9.042 GC heap before
{Heap before GC invocations=12 (full 2):
 PSYoungGen      total 164864K, used 164852K [0x00000000e0000000, 0x00000000ecd80000, 0x0000000100000000)
  eden space 152576K, 100% used [0x00000000e0000000,0x00000000e9500000,0x00000000e9500000)
  from space 12288K, 99% used [0x00000000e9500000,0x00000000ea0fd130,0x00000000ea100000)
  to   space 15360K, 0% used [0x00000000ebe80000,0x00000000ebe80000,0x00000000ecd80000)
 ParOldGen       total 158208K, used 19811K [0x00000000a0000000, 0x00000000a9a80000, 0x00000000e0000000)
  object space 158208K, 12% used [0x00000000a0000000,0x00000000a1358fa8,0x00000000a9a80000)
 Metaspace       used 56105K, capacity 58668K, committed 58968K, reserved 1099776K
  class space    used 7475K, capacity 7965K, committed 8064K, reserved 1048576K
Event: 9.063 GC heap after
Heap after GC invocations=12 (full 2):
 PSYoungGen      total 190464K, used 15330K [0x00000000e0000000, 0x00000000ee280000, 0x0000000100000000)
  eden space 175104K, 0% used [0x00000000e0000000,0x00000000e0000000,0x00000000eab00000)
  from space 15360K, 99% used [0x00000000ebe80000,0x00000000ecd78970,0x00000000ecd80000)
  to   space 19968K, 0% used [0x00000000eab00000,0x00000000eab00000,0x00000000ebe80000)
 ParOldGen       total 158208K, used 28330K [0x00000000a0000000, 0x00000000a9a80000, 0x00000000e0000000)
  object space 158208K, 17% used [0x00000000a0000000,0x00000000a1baabf0,0x00000000a9a80000)
 Metaspace       used 56105K, capacity 58668K, committed 58968K, reserved 1099776K
  class space    used 7475K, capacity 7965K, committed 8064K, reserved 1048576K
}
Event: 9.171 GC heap before
{Heap before GC invocations=13 (full 2):
 PSYoungGen      total 190464K, used 32972K [0x00000000e0000000, 0x00000000ee280000, 0x0000000100000000)
  eden space 175104K, 10% used [0x00000000e0000000,0x00000000e113a6a0,0x00000000eab00000)
  from space 15360K, 99% used [0x00000000ebe80000,0x00000000ecd78970,0x00000000ecd80000)
  to   space 19968K, 0% used [0x00000000eab00000,0x00000000eab00000,0x00000000ebe80000)
 ParOldGen       total 158208K, used 28330K [0x00000000a0000000, 0x00000000a9a80000, 0x00000000e0000000)
  object space 158208K, 17% used [0x00000000a0000000,0x00000000a1baabf0,0x00000000a9a80000)
 Metaspace       used 56377K, capacity 58942K, committed 59028K, reserved 1099776K
  class space    used 7519K, capacity 8072K, committed 8124K, reserved 1048576K
Event: 9.184 GC heap after
Heap after GC invocations=13 (full 2):
 PSYoungGen      total 195072K, used 16695K [0x00000000e0000000, 0x00000000f1780000, 0x0000000100000000)
  eden space 175104K, 0% used [0x00000000e0000000,0x00000000e0000000,0x00000000eab00000)
  from space 19968K, 83% used [0x00000000eab00000,0x00000000ebb4dd48,0x00000000ebe80000)
  to   space 21504K, 0% used [0x00000000f0280000,0x00000000f0280000,0x00000000f1780000)
 ParOldGen       total 158208K, used 28338K [0x00000000a0000000, 0x00000000a9a80000, 0x00000000e0000000)
  object space 158208K, 17% used [0x00000000a0000000,0x00000000a1bacbf0,0x00000000a9a80000)
 Metaspace       used 56377K, capacity 58942K, committed 59028K, reserved 1099776K
  class space    used 7519K, capacity 8072K, committed 8124K, reserved 1048576K
}
Event: 9.184 GC heap before
{Heap before GC invocations=14 (full 3):
 PSYoungGen      total 195072K, used 16695K [0x00000000e0000000, 0x00000000f1780000, 0x0000000100000000)
  eden space 175104K, 0% used [0x00000000e0000000,0x00000000e0000000,0x00000000eab00000)
  from space 19968K, 83% used [0x00000000eab00000,0x00000000ebb4dd48,0x00000000ebe80000)
  to   space 21504K, 0% used [0x00000000f0280000,0x00000000f0280000,0x00000000f1780000)
 ParOldGen       total 158208K, used 28338K [0x00000000a0000000, 0x00000000a9a80000, 0x00000000e0000000)
  object space 158208K, 17% used [0x00000000a0000000,0x00000000a1bacbf0,0x00000000a9a80000)
 Metaspace       used 56377K, capacity 58942K, committed 59028K, reserved 1099776K
  class space    used 7519K, capacity 8072K, committed 8124K, reserved 1048576K
Event: 9.406 GC heap after
Heap after GC invocations=14 (full 3):
 PSYoungGen      total 195072K, used 0K [0x00000000e0000000, 0x00000000f1780000, 0x0000000100000000)
  eden space 175104K, 0% used [0x00000000e0000000,0x00000000e0000000,0x00000000eab00000)
  from space 19968K, 0% used [0x00000000eab00000,0x00000000eab00000,0x00000000ebe80000)
  to   space 21504K, 0% used [0x00000000f0280000,0x00000000f0280000,0x00000000f1780000)
 ParOldGen       total 219136K, used 32653K [0x00000000a0000000, 0x00000000ad600000, 0x00000000e0000000)
  object space 219136K, 14% used [0x00000000a0000000,0x00000000a1fe36b0,0x00000000ad600000)
 Metaspace       used 56277K, capacity 58606K, committed 59028K, reserved 1099776K
  class space    used 7487K, capacity 8016K, committed 8124K, reserved 1048576K
}

